2024-09-09 19:51:03.033 INFO  [main] top.guke.springboot.logging.Application : Starting Application using Java 17 with PID 39208 (D:\KKKTest\spring-boot-practice\spring-boot-logging\target\classes started by keke666 in D:\KKKTest\spring-boot-practice)
2024-09-09 19:51:03.035 INFO  [main] top.guke.springboot.logging.Application : No active profile set, falling back to 1 default profile: "default"
2024-09-09 19:51:03.675 INFO  [main] org.springframework.boot.web.embedded.tomcat.TomcatWebServer : Tomcat initialized with port 8080 (http)
2024-09-09 19:51:03.681 INFO  [main] org.apache.coyote.http11.Http11NioProtocol : Initializing ProtocolHandler ["http-nio-8080"]
2024-09-09 19:51:03.684 INFO  [main] org.apache.catalina.core.StandardService : Starting service [Tomcat]
2024-09-09 19:51:03.694 INFO  [main] org.apache.catalina.core.StandardEngine : Starting Servlet engine: [Apache Tomcat/10.1.28]
2024-09-09 19:51:03.733 INFO  [main] org.apache.catalina.core.ContainerBase.[Tomcat].[localhost].[/] : Initializing Spring embedded WebApplicationContext
2024-09-09 19:51:03.733 INFO  [main] org.springframework.boot.web.servlet.context.ServletWebServerApplicationContext : Root WebApplicationContext: initialization completed in 662 ms
2024-09-09 19:51:03.993 INFO  [main] org.apache.coyote.http11.Http11NioProtocol : Starting ProtocolHandler ["http-nio-8080"]
2024-09-09 19:51:04.015 INFO  [main] org.springframework.boot.web.embedded.tomcat.TomcatWebServer : Tomcat started on port 8080 (http) with context path '/'
2024-09-09 19:51:04.024 INFO  [main] top.guke.springboot.logging.Application : Started Application in 1.428 seconds (process running for 1.903)
2024-09-09 19:51:51.761 INFO  [main] top.guke.springboot.logging.Application : Starting Application using Java 17 with PID 32764 (D:\KKKTest\spring-boot-practice\spring-boot-logging\target\classes started by keke666 in D:\KKKTest\spring-boot-practice)
2024-09-09 19:51:51.762 INFO  [main] top.guke.springboot.logging.Application : No active profile set, falling back to 1 default profile: "default"
2024-09-09 19:51:52.430 INFO  [main] org.springframework.boot.web.embedded.tomcat.TomcatWebServer : Tomcat initialized with port 8080 (http)
2024-09-09 19:51:52.436 INFO  [main] org.apache.coyote.http11.Http11NioProtocol : Initializing ProtocolHandler ["http-nio-8080"]
2024-09-09 19:51:52.440 INFO  [main] org.apache.catalina.core.StandardService : Starting service [Tomcat]
2024-09-09 19:51:52.440 INFO  [main] org.apache.catalina.core.StandardEngine : Starting Servlet engine: [Apache Tomcat/10.1.28]
2024-09-09 19:51:52.475 INFO  [main] org.apache.catalina.core.ContainerBase.[Tomcat].[localhost].[/] : Initializing Spring embedded WebApplicationContext
2024-09-09 19:51:52.475 INFO  [main] org.springframework.boot.web.servlet.context.ServletWebServerApplicationContext : Root WebApplicationContext: initialization completed in 686 ms
2024-09-09 19:51:52.742 INFO  [main] org.apache.coyote.http11.Http11NioProtocol : Starting ProtocolHandler ["http-nio-8080"]
2024-09-09 19:51:52.761 INFO  [main] org.springframework.boot.web.embedded.tomcat.TomcatWebServer : Tomcat started on port 8080 (http) with context path '/'
2024-09-09 19:51:52.768 INFO  [main] top.guke.springboot.logging.Application : Started Application in 1.42 seconds (process running for 1.918)
2024-09-09 19:56:40.886 INFO  [main] top.guke.springboot.logging.Application : Starting Application using Java 17 with PID 39664 (D:\KKKTest\spring-boot-practice\spring-boot-logging\target\classes started by keke666 in D:\KKKTest\spring-boot-practice)
2024-09-09 19:56:40.888 INFO  [main] top.guke.springboot.logging.Application : No active profile set, falling back to 1 default profile: "default"
2024-09-09 19:56:41.498 INFO  [main] org.springframework.boot.web.embedded.tomcat.TomcatWebServer : Tomcat initialized with port 8080 (http)
2024-09-09 19:56:41.507 INFO  [main] org.apache.coyote.http11.Http11NioProtocol : Initializing ProtocolHandler ["http-nio-8080"]
2024-09-09 19:56:41.510 INFO  [main] org.apache.catalina.core.StandardService : Starting service [Tomcat]
2024-09-09 19:56:41.510 INFO  [main] org.apache.catalina.core.StandardEngine : Starting Servlet engine: [Apache Tomcat/10.1.28]
2024-09-09 19:56:41.548 INFO  [main] org.apache.catalina.core.ContainerBase.[Tomcat].[localhost].[/] : Initializing Spring embedded WebApplicationContext
2024-09-09 19:56:41.549 INFO  [main] org.springframework.boot.web.servlet.context.ServletWebServerApplicationContext : Root WebApplicationContext: initialization completed in 632 ms
2024-09-09 19:56:41.816 INFO  [main] org.apache.coyote.http11.Http11NioProtocol : Starting ProtocolHandler ["http-nio-8080"]
2024-09-09 19:56:41.834 INFO  [main] org.springframework.boot.web.embedded.tomcat.TomcatWebServer : Tomcat started on port 8080 (http) with context path '/'
2024-09-09 19:56:41.841 INFO  [main] top.guke.springboot.logging.Application : Started Application in 1.351 seconds (process running for 1.84)
2024-09-09 19:57:04.760 INFO  [main] top.guke.springboot.logging.Application : Starting Application using Java 17 with PID 10456 (D:\KKKTest\spring-boot-practice\spring-boot-logging\target\classes started by keke666 in D:\KKKTest\spring-boot-practice)
2024-09-09 19:57:04.761 INFO  [main] top.guke.springboot.logging.Application : No active profile set, falling back to 1 default profile: "default"
2024-09-09 19:57:05.478 INFO  [main] org.springframework.boot.web.embedded.tomcat.TomcatWebServer : Tomcat initialized with port 8080 (http)
2024-09-09 19:57:05.489 INFO  [main] org.apache.coyote.http11.Http11NioProtocol : Initializing ProtocolHandler ["http-nio-8080"]
2024-09-09 19:57:05.492 INFO  [main] org.apache.catalina.core.StandardService : Starting service [Tomcat]
2024-09-09 19:57:05.492 INFO  [main] org.apache.catalina.core.StandardEngine : Starting Servlet engine: [Apache Tomcat/10.1.28]
2024-09-09 19:57:05.537 INFO  [main] org.apache.catalina.core.ContainerBase.[Tomcat].[localhost].[/] : Initializing Spring embedded WebApplicationContext
2024-09-09 19:57:05.538 INFO  [main] org.springframework.boot.web.servlet.context.ServletWebServerApplicationContext : Root WebApplicationContext: initialization completed in 739 ms
2024-09-09 19:57:05.828 INFO  [main] org.apache.coyote.http11.Http11NioProtocol : Starting ProtocolHandler ["http-nio-8080"]
2024-09-09 19:57:05.846 INFO  [main] org.springframework.boot.web.embedded.tomcat.TomcatWebServer : Tomcat started on port 8080 (http) with context path '/'
2024-09-09 19:57:05.853 INFO  [main] top.guke.springboot.logging.Application : Started Application in 1.519 seconds (process running for 2.012)
2024-09-09 19:58:05.627 INFO  [http-nio-8080-exec-1] org.apache.catalina.core.ContainerBase.[Tomcat].[localhost].[/] : Initializing Spring DispatcherServlet 'dispatcherServlet'
2024-09-09 19:58:05.627 INFO  [http-nio-8080-exec-1] org.springframework.web.servlet.DispatcherServlet : Initializing Servlet 'dispatcherServlet'
2024-09-09 19:58:05.627 INFO  [http-nio-8080-exec-1] org.springframework.web.servlet.DispatcherServlet : Completed initialization in 0 ms
2024-09-09 19:58:05.648 INFO  [http-nio-8080-exec-1] top.guke.springboot.logging.controller.LogController : info log
2024-09-09 19:58:05.648 WARN  [http-nio-8080-exec-1] top.guke.springboot.logging.controller.LogController : warn log
2024-09-09 19:58:05.648 ERROR [http-nio-8080-exec-1] top.guke.springboot.logging.controller.LogController : error log
2024-09-09 19:58:38.096 INFO  [main] top.guke.springboot.logging.Application : Starting Application using Java 17 with PID 6920 (D:\KKKTest\spring-boot-practice\spring-boot-logging\target\classes started by keke666 in D:\KKKTest\spring-boot-practice)
2024-09-09 19:58:38.098 INFO  [main] top.guke.springboot.logging.Application : No active profile set, falling back to 1 default profile: "default"
2024-09-09 19:58:38.867 INFO  [main] org.springframework.boot.web.embedded.tomcat.TomcatWebServer : Tomcat initialized with port 8080 (http)
2024-09-09 19:58:38.877 INFO  [main] org.apache.coyote.http11.Http11NioProtocol : Initializing ProtocolHandler ["http-nio-8080"]
2024-09-09 19:58:38.881 INFO  [main] org.apache.catalina.core.StandardService : Starting service [Tomcat]
2024-09-09 19:58:38.881 INFO  [main] org.apache.catalina.core.StandardEngine : Starting Servlet engine: [Apache Tomcat/10.1.28]
2024-09-09 19:58:38.930 INFO  [main] org.apache.catalina.core.ContainerBase.[Tomcat].[localhost].[/] : Initializing Spring embedded WebApplicationContext
2024-09-09 19:58:38.930 INFO  [main] org.springframework.boot.web.servlet.context.ServletWebServerApplicationContext : Root WebApplicationContext: initialization completed in 796 ms
2024-09-09 19:58:39.311 INFO  [main] org.apache.coyote.http11.Http11NioProtocol : Starting ProtocolHandler ["http-nio-8080"]
2024-09-09 19:58:39.331 INFO  [main] org.springframework.boot.web.embedded.tomcat.TomcatWebServer : Tomcat started on port 8080 (http) with context path '/'
2024-09-09 19:58:39.341 INFO  [main] top.guke.springboot.logging.Application : Started Application in 1.728 seconds (process running for 2.278)
2024-09-09 19:58:40.170 INFO  [main] top.guke.springboot.logging.Application : Starting Application using Java 17 with PID 26932 (D:\KKKTest\spring-boot-practice\spring-boot-logging\target\classes started by keke666 in D:\KKKTest\spring-boot-practice)
2024-09-09 19:58:40.172 INFO  [main] top.guke.springboot.logging.Application : No active profile set, falling back to 1 default profile: "default"
2024-09-09 19:58:40.846 INFO  [main] org.springframework.boot.web.embedded.tomcat.TomcatWebServer : Tomcat initialized with port 8080 (http)
2024-09-09 19:58:40.854 INFO  [main] org.apache.coyote.http11.Http11NioProtocol : Initializing ProtocolHandler ["http-nio-8080"]
2024-09-09 19:58:40.857 INFO  [main] org.apache.catalina.core.StandardService : Starting service [Tomcat]
2024-09-09 19:58:40.857 INFO  [main] org.apache.catalina.core.StandardEngine : Starting Servlet engine: [Apache Tomcat/10.1.28]
2024-09-09 19:58:40.898 INFO  [main] org.apache.catalina.core.ContainerBase.[Tomcat].[localhost].[/] : Initializing Spring embedded WebApplicationContext
2024-09-09 19:58:40.898 INFO  [main] org.springframework.boot.web.servlet.context.ServletWebServerApplicationContext : Root WebApplicationContext: initialization completed in 693 ms
2024-09-09 19:58:41.184 INFO  [main] org.apache.coyote.http11.Http11NioProtocol : Starting ProtocolHandler ["http-nio-8080"]
2024-09-09 19:58:41.191 WARN  [main] org.springframework.boot.web.servlet.context.AnnotationConfigServletWebServerApplicationContext : Exception encountered during context initialization - cancelling refresh attempt: org.springframework.context.ApplicationContextException: Failed to start bean 'webServerStartStop'
2024-09-09 19:58:41.203 INFO  [main] org.springframework.boot.autoconfigure.logging.ConditionEvaluationReportLogger : 

Error starting ApplicationContext. To display the condition evaluation report re-run your application with 'debug' enabled.
2024-09-09 19:58:41.217 ERROR [main] org.springframework.boot.diagnostics.LoggingFailureAnalysisReporter : 

***************************
APPLICATION FAILED TO START
***************************

Description:

Web server failed to start. Port 8080 was already in use.

Action:

Identify and stop the process that's listening on port 8080 or configure this application to listen on another port.

2024-09-09 19:58:46.681 INFO  [http-nio-8080-exec-1] org.apache.catalina.core.ContainerBase.[Tomcat].[localhost].[/] : Initializing Spring DispatcherServlet 'dispatcherServlet'
2024-09-09 19:58:46.681 INFO  [http-nio-8080-exec-1] org.springframework.web.servlet.DispatcherServlet : Initializing Servlet 'dispatcherServlet'
2024-09-09 19:58:46.682 INFO  [http-nio-8080-exec-1] org.springframework.web.servlet.DispatcherServlet : Completed initialization in 1 ms
2024-09-09 19:58:46.704 INFO  [http-nio-8080-exec-1] top.guke.springboot.logging.controller.LogController : info log
2024-09-09 19:58:46.704 WARN  [http-nio-8080-exec-1] top.guke.springboot.logging.controller.LogController : warn log
2024-09-09 19:58:46.704 ERROR [http-nio-8080-exec-1] top.guke.springboot.logging.controller.LogController : error log
